<?xml version="1.0" encoding="UTF-8"?>
<testsuite name="TestSuite" time="32.724" tests="4" errors="0" skipped="0" failures="1">
  <properties>
[...]
</properties>
  <testcase name="verifySearch" classname="tests.IMDBTests" time="7.981">
    <failure message="expected [true] but found [false]" type="java.lang.AssertionError">java.lang.AssertionError: expected [true] but found [false]
	at org.testng.Assert.fail(Assert.java:96)
	at org.testng.Assert.failNotEquals(Assert.java:776)
	at org.testng.Assert.assertTrue(Assert.java:44)
	at org.testng.Assert.assertTrue(Assert.java:54)
	at tests.IMDBTests.verifySearch(IMDBTests.java:34)
</failure>
    <system-out><![CDATA[ INFO [main] (BaseClass.java:76)- ###########Opening Browser##########
 INFO [main] (IMDBUtilities.java:24)- Reading Excel file Movies
 INFO [main] (IMDBUtilities.java:42)- Reading of excel file Movies is completed
 INFO [main] (SearchObjects.java:38)- Searching lord of the rings on IMDB
 INFO [main] (SearchObjects.java:74)- Checking Accuracy of Search w.r.t. movie: lord of the rings in suggestions
 INFO [main] (SearchObjects.java:81)- Matching suggestions: The Lord of the Rings: The Fellowship of the Ring (2001)
Elijah Wood, Ian McKellen
 INFO [main] (SearchObjects.java:81)- Matching suggestions: The Lord of the Rings: The Return of the King (2003)
Elijah Wood, Viggo Mortensen
 INFO [main] (SearchObjects.java:81)- Matching suggestions: The Lord of the Rings: The Two Towers (2002)
Elijah Wood, Ian McKellen
ERROR [main] (SearchObjects.java:86)- Non-Matching suggestions: Phil Lord
Writer, The Lego Movie (2014)
ERROR [main] (SearchObjects.java:86)- Non-Matching suggestions: Robin Lord Taylor
Actor, Accepted (2006)
ERROR [main] (SearchObjects.java:86)- Non-Matching suggestions: Red Riding: The Year of Our Lord 1974 (2009)
Andrew Garfield, David Morrissey
ERROR [main] (SearchObjects.java:86)- Non-Matching suggestions: Lord of War (2005)
Nicolas Cage, Ethan Hawke
ERROR [main] (SearchObjects.java:86)- Non-Matching suggestions: Lord of the Flies (1990)
Balthazar Getty, Chris Furrh
 INFO [main] (SearchObjects.java:90)- Search accuracy of Search w.r.t. movie lord of the rings is 37%
]]></system-out>
    <system-err><![CDATA[Starting ChromeDriver 2.38.552522 (437e6fbedfa8762dec75e2c5b3ddb86763dc9dcb) on port 27712
Only local connections are allowed.
Jun 11, 2018 8:47:51 PM org.openqa.selenium.remote.ProtocolHandshake createSession
INFO: Detected dialect: OSS
]]></system-err>
  </testcase>
  <testcase name="verifySearch" classname="tests.IMDBTests" time="7.679"/>
  <testcase name="verifySearch" classname="tests.IMDBTests" time="12.472"/>
  <testcase name="verifyInvalidLogin" classname="tests.IMDBTests" time="4.592"/>
</testsuite>