<?xml version="1.0" encoding="UTF-8"?>
<!-- Generated by org.testng.reporters.JUnitXMLReporter -->
<testsuite ignored="0" hostname="1MG-LPTP-260" failures="0" tests="4" name="Default test" time="69.701" errors="0" timestamp="11 Jun 2018 15:53:20 GMT">
  <testcase classname="tests.IMDBTests" name="verifySearch" time="8.075"/>
  <testcase classname="tests.IMDBTests" name="verifySearch" time="6.442"/>
  <testcase classname="tests.IMDBTests" name="verifySearch" time="12.047"/>
  <testcase classname="tests.IMDBTests" name="verifyInvalidLogin" time="3.398"/>
</testsuite> <!-- Default test -->
