<?xml version="1.0" encoding="UTF-8"?>
<!-- Generated by org.testng.reporters.JUnitXMLReporter -->
<testsuite ignored="0" hostname="1MG-LPTP-260" failures="1" tests="4" name="Test_IMDB" time="44.465" errors="0" timestamp="11 Jun 2018 15:18:33 GMT">
  <testcase classname="tests.IMDBTests" name="verifySearch" time="7.972">
    <failure type="java.lang.AssertionError" message="expected [true] but found [false]">
      <![CDATA[java.lang.AssertionError: expected [true] but found [false]
at tests.IMDBTests.verifySearch(IMDBTests.java:34)
... Removed 32 stack frames]]>
    </failure>
  </testcase> <!-- verifySearch -->
  <testcase classname="tests.IMDBTests" name="verifySearch" time="7.678"/>
  <testcase classname="tests.IMDBTests" name="verifySearch" time="12.471"/>
  <testcase classname="tests.IMDBTests" name="verifyInvalidLogin" time="4.592"/>
</testsuite> <!-- Test_IMDB -->
