<?xml version="1.0" encoding="UTF-8"?>
<!-- Generated by org.testng.reporters.JUnitXMLReporter -->
<testsuite ignored="0" hostname="1MG-LPTP-260" failures="0" tests="4" name="Test" time="50.165" errors="0" timestamp="09 Jun 2018 16:08:43 GMT">
  <testcase classname="tests.IMDBTests" name="verifySearch" time="7.261"/>
  <testcase classname="tests.IMDBTests" name="verifySearch" time="7.255"/>
  <testcase classname="tests.IMDBTests" name="verifySearch" time="16.577"/>
  <testcase classname="tests.IMDBTests" name="verifyInvalidLogin" time="4.112"/>
</testsuite> <!-- Test -->
