<?xml version="1.0" encoding="UTF-8"?>
<!-- Generated by org.testng.reporters.JUnitXMLReporter -->
<testsuite ignored="0" hostname="1MG-LPTP-260" failures="0" tests="4" name="Test_IMDB" time="69.671" errors="0" timestamp="11 Jun 2018 08:13:05 GMT">
  <testcase classname="tests.IMDBTests" name="verifySearch" time="9.33"/>
  <testcase classname="tests.IMDBTests" name="verifySearch" time="14.768"/>
  <testcase classname="tests.IMDBTests" name="verifySearch" time="14.576"/>
  <testcase classname="tests.IMDBTests" name="verifyInvalidLogin" time="15.081"/>
</testsuite> <!-- Test_IMDB -->
